,number,value,datetime_start,datetime_complete,duration,params_batch_size,params_epochs,params_learning_rate,params_max_grad_norm,state
0,0,0.7866666316986084,2023-12-14 14:42:21.796696,2023-12-14 14:46:17.377218,0 days 00:03:55.580522,256,75,0.01574189004745665,6.0909271150834465,COMPLETE
1,1,0.3244444727897644,2023-12-14 14:46:17.506691,2023-12-14 14:52:40.875705,0 days 00:06:23.369014,512,142,6.690421166498795e-06,5.342613029995931,COMPLETE
2,2,0.9622222781181335,2023-12-14 14:52:41.043887,2023-12-14 14:56:42.192733,0 days 00:04:01.148846,512,87,0.005141096648805749,2.1568030651519257,COMPLETE
3,3,0.6866666674613953,2023-12-14 14:56:42.343231,2023-12-14 15:01:05.116311,0 days 00:04:22.773080,4500,103,0.06220025976819164,8.12229401154132,COMPLETE
4,4,0.7222222089767456,2023-12-14 15:01:05.258360,2023-12-14 15:03:58.287417,0 days 00:02:53.029057,512,61,0.02857080075040725,2.736043819680166,COMPLETE
5,5,0.7688888907432556,2023-12-14 15:03:58.449457,2023-12-14 15:09:34.527334,0 days 00:05:36.077877,4096,133,0.04335045392775135,8.96930803419096,COMPLETE
6,6,0.21555554866790771,2023-12-14 15:09:34.663401,2023-12-14 15:15:19.279018,0 days 00:05:44.615617,256,120,4.247116662617139e-06,8.321627589688907,COMPLETE
7,7,0.9711111187934875,2023-12-14 15:15:19.427023,2023-12-14 15:18:28.362464,0 days 00:03:08.935441,4500,72,0.004300001586162603,2.14741367903489,COMPLETE
8,8,0.02222222276031971,2023-12-14 15:18:28.501100,2023-12-14 15:18:51.444125,0 days 00:00:22.943025,256,2,4.956947932799961e-07,8.658413573580816,COMPLETE
9,9,0.9288889169692993,2023-12-14 15:18:51.587216,2023-12-14 15:24:07.704539,0 days 00:05:16.117323,4096,125,0.021051180519608702,4.827706266587104,COMPLETE
10,10,0.9799999594688416,2023-12-14 15:24:07.833008,2023-12-14 15:29:45.860823,0 days 00:05:38.027815,512,124,0.003344863661513307,0.2,COMPLETE
11,11,0.9822222590446472,2023-12-14 15:29:45.997586,2023-12-14 15:33:24.493217,0 days 00:03:38.495631,512,78,0.001434101728851626,0.2,COMPLETE
12,12,0.9800000190734863,2023-12-14 15:33:24.641520,2023-12-14 15:38:06.962598,0 days 00:04:42.321078,512,102,0.0021537093261220584,0.918969388345763,COMPLETE
13,13,0.9777777791023254,2023-12-14 15:38:07.117239,2023-12-14 15:42:19.367961,0 days 00:04:12.250722,512,91,0.003037627001093472,0.2,COMPLETE
14,14,0.9822221994400024,2023-12-14 15:42:19.583440,2023-12-14 15:46:56.242824,0 days 00:04:36.659384,512,100,0.002293299025812481,0.3774907971377544,COMPLETE
15,15,0.9644444584846497,2023-12-14 15:46:56.419483,2023-12-14 15:49:23.747933,0 days 00:02:27.328450,4500,54,0.0009525021440606486,0.2,COMPLETE
16,16,0.9711111187934875,2023-12-14 15:49:23.920327,2023-12-14 15:52:41.179958,0 days 00:03:17.259631,4500,75,0.0033059815523598037,0.2,COMPLETE
17,17,0.9711110591888428,2023-12-14 15:52:41.339553,2023-12-14 15:54:20.127976,0 days 00:01:38.788423,4500,34,0.0027810993116463368,1.1012913937484714,COMPLETE
18,18,0.9777777791023254,2023-12-14 15:54:20.299964,2023-12-14 15:57:20.490386,0 days 00:03:00.190422,4500,68,0.0018595797581441131,1.4336676848726155,COMPLETE
19,19,0.9688888788223267,2023-12-14 15:57:20.654714,2023-12-14 16:00:06.850570,0 days 00:02:46.195856,4500,62,0.0021163685314956678,1.0874483101812757,COMPLETE
20,20,0.9600000381469727,2023-12-14 16:00:07.026152,2023-12-14 16:04:09.069875,0 days 00:04:02.043723,4500,94,0.0010199514520041835,1.894616349356144,COMPLETE
21,21,0.9688888788223267,2023-12-14 16:04:09.246525,2023-12-14 16:06:33.150527,0 days 00:02:23.904002,4500,53,0.0021372278249878656,1.0524714356793603,COMPLETE
22,22,0.9711111187934875,2023-12-14 16:06:33.295315,2023-12-14 16:07:50.179661,0 days 00:01:16.884346,4500,25,0.0017460604126156589,1.682157769137099,COMPLETE
23,23,0.9711110591888428,2023-12-14 16:07:50.337555,2023-12-14 16:10:06.840114,0 days 00:02:16.502559,4500,50,0.0024675474376902456,0.8166788689149782,COMPLETE
24,24,0.9711111187934875,2023-12-14 16:10:06.969492,2023-12-14 16:12:15.790111,0 days 00:02:08.820619,4500,47,0.002434307906939303,0.661911639312666,COMPLETE
25,25,0.9733333587646484,2023-12-14 16:12:15.927412,2023-12-14 16:14:02.489264,0 days 00:01:46.561852,4500,38,0.0025156621644613145,0.2,COMPLETE
26,26,0.9688888788223267,2023-12-14 16:14:02.620867,2023-12-14 16:15:30.487343,0 days 00:01:27.866476,4500,30,0.0026696593948676017,0.2,COMPLETE
27,27,0.9733332991600037,2023-12-14 16:15:30.627734,2023-12-14 16:17:42.452995,0 days 00:02:11.825261,4500,48,0.0023487371645319766,0.2867298668653404,COMPLETE
28,28,0.9688888788223267,2023-12-14 16:17:42.594150,2023-12-14 16:20:03.369398,0 days 00:02:20.775248,4500,52,0.002376058712482555,0.2,COMPLETE
29,29,0.9711110591888428,2023-12-14 16:20:03.526397,2023-12-14 16:22:20.097036,0 days 00:02:16.570639,4500,50,0.002404690644105331,0.44234193974305636,COMPLETE
30,30,0.9666666984558105,2023-12-14 16:22:20.226327,2023-12-14 16:24:40.385398,0 days 00:02:20.159071,4500,52,0.0024224764127888736,0.5161789757661046,COMPLETE
31,31,0.9666666984558105,2023-12-14 16:24:40.527425,2023-12-14 16:26:59.543432,0 days 00:02:19.016007,4500,51,0.002458210350431321,0.2,COMPLETE
32,32,0.9755555391311646,2023-12-14 16:26:59.709264,2023-12-14 16:32:00.937266,0 days 00:05:01.228002,4500,58,0.00243706182169557,0.5966052421414041,COMPLETE
33,33,0.9800000190734863,2023-12-14 16:32:01.099999,2023-12-14 16:36:18.857417,0 days 00:04:17.757418,4096,101,0.0029530474119583454,0.2,COMPLETE
34,34,0.9688888788223267,2023-12-14 16:36:19.017049,2023-12-14 16:41:17.966794,0 days 00:04:58.949745,4096,118,0.010855111583529422,0.2,COMPLETE
35,35,0.9711111187934875,2023-12-14 16:41:18.121849,2023-12-14 16:45:24.885463,0 days 00:04:06.763614,4096,95,0.003951616818716221,1.989049508058928,COMPLETE
36,36,0.9800000190734863,2023-12-14 16:45:25.044074,2023-12-14 16:53:39.228385,0 days 00:08:14.184311,4096,200,0.002588447883509102,1.1858965214718309,COMPLETE
37,37,0.9777777194976807,2023-12-14 16:53:39.379287,2023-12-14 16:59:59.463438,0 days 00:06:20.084151,4096,152,0.0033898416561269824,0.4074396750204522,COMPLETE
38,38,0.9799999594688416,2023-12-14 16:59:59.611420,2023-12-14 17:06:01.842907,0 days 00:06:02.231487,4096,144,0.0023996688475632394,0.26799580108191756,COMPLETE
39,39,0.9844444990158081,2023-12-14 17:06:01.987767,2023-12-14 17:12:04.497047,0 days 00:06:02.509280,4096,144,0.002562097655231041,0.2611383837148618,COMPLETE
40,40,0.9866666793823242,2023-12-14 17:12:04.667402,2023-12-14 17:18:14.806904,0 days 00:06:10.139502,4096,148,0.0022651422962950358,0.2,COMPLETE
41,41,0.9755555987358093,2023-12-14 17:18:14.937750,2023-12-14 17:24:57.650940,0 days 00:06:42.713190,4096,162,0.0012674163403379264,0.2,COMPLETE
42,42,0.9844443798065186,2023-12-14 17:24:57.795056,2023-12-14 17:30:44.646680,0 days 00:05:46.851624,4096,138,0.0035834084694483233,0.2,COMPLETE
43,43,0.9822222590446472,2023-12-14 17:30:44.803509,2023-12-14 17:37:15.326820,0 days 00:06:30.523311,4096,156,0.0032745349140095676,0.2,COMPLETE
44,44,0.9888888597488403,2023-12-14 17:37:15.504172,2023-12-14 17:43:30.463129,0 days 00:06:14.958957,4096,150,0.0034316430585785112,0.2,COMPLETE
45,45,0.9800000190734863,2023-12-14 17:43:30.597968,2023-12-14 17:50:31.708548,0 days 00:07:01.110580,4096,169,0.0032716325416521953,0.2,COMPLETE
46,46,0.9866666793823242,2023-12-14 17:50:31.862472,2023-12-14 17:56:57.135630,0 days 00:06:25.273158,4096,154,0.0031429527746088368,0.2,COMPLETE
47,47,0.9777777791023254,2023-12-14 17:56:57.283903,2023-12-14 18:03:09.054245,0 days 00:06:11.770342,4096,149,0.0033715202452212537,0.2,COMPLETE
48,48,0.9866666793823242,2023-12-14 18:03:09.199437,2023-12-14 18:09:13.266116,0 days 00:06:04.066679,4096,145,0.003443681550262739,0.2,COMPLETE
49,49,0.9866666793823242,2023-12-14 18:09:13.413218,2023-12-14 18:15:38.399346,0 days 00:06:24.986128,4096,154,0.0031585413744436917,0.2,COMPLETE
