,number,value,datetime_start,datetime_complete,duration,params_batch_size,params_epochs,params_learning_rate,params_max_grad_norm,state
0,0,0.1066666692495346,2023-12-14 14:46:11.842066,2023-12-14 14:51:16.339019,0 days 00:05:04.496953,256,75,0.01574189004745665,6.0909271150834465,COMPLETE
1,1,0.19333334267139435,2023-12-14 14:51:16.469169,2023-12-14 14:59:58.614809,0 days 00:08:42.145640,512,142,6.690421166498795e-06,5.342613029995931,COMPLETE
2,2,0.13555555045604706,2023-12-14 14:59:58.764859,2023-12-14 15:05:23.566740,0 days 00:05:24.801881,512,87,0.005141096648805749,2.1568030651519257,COMPLETE
3,3,0.10000000149011612,2023-12-14 15:05:23.731401,2023-12-14 15:11:14.934999,0 days 00:05:51.203598,4500,103,0.06220025976819164,8.12229401154132,COMPLETE
4,4,0.10222222656011581,2023-12-14 15:11:15.094517,2023-12-14 15:15:05.457038,0 days 00:03:50.362521,512,61,0.02857080075040725,2.736043819680166,COMPLETE
5,5,0.10000000149011612,2023-12-14 15:15:05.612409,2023-12-14 15:22:38.288494,0 days 00:07:32.676085,4096,133,0.04335045392775135,8.96930803419096,COMPLETE
6,6,0.10444444417953491,2023-12-14 15:22:38.424006,2023-12-14 15:30:24.448830,0 days 00:07:46.024824,256,120,4.247116662617139e-06,8.321627589688907,COMPLETE
7,7,0.9200000762939453,2023-12-14 15:30:24.584605,2023-12-14 15:34:37.321917,0 days 00:04:12.737312,4500,72,0.004300001586162603,2.14741367903489,COMPLETE
8,8,0.08444444090127945,2023-12-14 15:34:37.518474,2023-12-14 15:35:02.046655,0 days 00:00:24.528181,256,2,4.956947932799961e-07,8.658413573580816,COMPLETE
9,9,0.10444444417953491,2023-12-14 15:35:02.178384,2023-12-14 15:42:10.583889,0 days 00:07:08.405505,4096,125,0.021051180519608702,4.827706266587104,COMPLETE
10,10,0.95333331823349,2023-12-14 15:42:10.728889,2023-12-14 15:46:07.777972,0 days 00:03:57.049083,4500,67,0.0027812111920863685,1.1653388554288193,COMPLETE
11,11,0.9444444179534912,2023-12-14 15:46:07.926291,2023-12-14 15:48:35.829693,0 days 00:02:27.903402,4500,40,0.00217859305159641,1.5569451802021874,COMPLETE
12,12,0.8600000143051147,2023-12-14 15:48:35.967435,2023-12-14 15:52:30.193289,0 days 00:03:54.225854,4500,66,0.00040503497157331423,1.5532256786997398,COMPLETE
13,13,0.4266666769981384,2023-12-14 15:52:30.364636,2023-12-14 15:55:38.657731,0 days 00:03:08.293095,4500,52,0.008139274373022089,1.1594075335618605,COMPLETE
14,14,0.9533333778381348,2023-12-14 15:55:38.820048,2023-12-14 15:59:55.927262,0 days 00:04:17.107214,4500,73,0.0016051161748084004,2.2248332654599943,COMPLETE
15,15,0.948888897895813,2023-12-14 15:59:56.057986,2023-12-14 16:03:53.994978,0 days 00:03:57.936992,4500,67,0.001459620296180891,1.7068036674077396,COMPLETE
16,16,0.944444477558136,2023-12-14 16:03:54.146811,2023-12-14 16:08:01.164605,0 days 00:04:07.017794,4500,70,0.002655629678271627,2.3880291277522736,COMPLETE
17,17,0.9644445180892944,2023-12-14 16:08:01.340486,2023-12-14 16:12:04.854766,0 days 00:04:03.514280,4500,69,0.0020921166309788913,1.7002192009666706,COMPLETE
18,18,0.9333333969116211,2023-12-14 16:12:05.043848,2023-12-14 16:15:59.503699,0 days 00:03:54.459851,4500,66,0.001978400654612464,1.71580338421481,COMPLETE
19,19,0.9444444179534912,2023-12-14 16:15:59.707328,2023-12-14 16:20:04.333885,0 days 00:04:04.626557,4500,69,0.0019648129025460156,1.7944948792177835,COMPLETE
20,20,0.9399999380111694,2023-12-14 16:20:04.498833,2023-12-14 16:24:21.753325,0 days 00:04:17.254492,4500,73,0.001998031091436266,1.7972589612734668,COMPLETE
21,21,0.9377777576446533,2023-12-14 16:24:21.920786,2023-12-14 16:29:30.073756,0 days 00:05:08.152970,4500,56,0.0010507778159418795,2.324253056080026,COMPLETE
22,22,0.95333331823349,2023-12-14 16:29:30.755632,2023-12-14 16:33:31.411846,0 days 00:04:00.656214,4500,68,0.001892458878963868,1.8044006437876579,COMPLETE
23,23,0.9577777981758118,2023-12-14 16:33:31.565558,2023-12-14 16:37:30.502981,0 days 00:03:58.937423,4500,67,0.0018858448093560993,1.8155807833989461,COMPLETE
24,24,0.9555556178092957,2023-12-14 16:37:30.642231,2023-12-14 16:41:17.807683,0 days 00:03:47.165452,4500,64,0.0018709164713085538,1.8491882655799756,COMPLETE
25,25,0.9466667175292969,2023-12-14 16:41:17.954350,2023-12-14 16:45:01.271048,0 days 00:03:43.316698,4500,62,0.001860532214510185,1.902619064671533,COMPLETE
26,26,0.9511110782623291,2023-12-14 16:45:01.440557,2023-12-14 16:48:55.637067,0 days 00:03:54.196510,4500,66,0.001876915710927335,1.8412879194714415,COMPLETE
27,27,0.95333331823349,2023-12-14 16:48:55.790797,2023-12-14 16:52:46.984041,0 days 00:03:51.193244,4500,65,0.001894070749787631,1.8538310797573097,COMPLETE
28,28,0.9533333778381348,2023-12-14 16:52:47.194061,2023-12-14 16:56:38.317918,0 days 00:03:51.123857,4500,65,0.001898351239289404,1.8725308678337422,COMPLETE
29,29,0.9399999976158142,2023-12-14 16:56:38.611891,2023-12-14 17:00:30.846196,0 days 00:03:52.234305,4500,64,0.0018938884876778291,1.8947178072415594,COMPLETE
30,30,0.9533333778381348,2023-12-14 17:00:31.024168,2023-12-14 17:04:27.681665,0 days 00:03:56.657497,4500,67,0.0019005219919538128,1.82020908149295,COMPLETE
31,31,0.9422222375869751,2023-12-14 17:04:27.832435,2023-12-14 17:08:25.229987,0 days 00:03:57.397552,4500,67,0.0019088649341515945,1.8164637266615247,COMPLETE
32,32,0.9555555582046509,2023-12-14 17:08:25.389212,2023-12-14 17:12:24.536186,0 days 00:03:59.146974,4500,67,0.0018974760189156043,1.8335623725909747,COMPLETE
33,33,0.9422222375869751,2023-12-14 17:12:24.728638,2023-12-14 17:16:21.653946,0 days 00:03:56.925308,4500,67,0.0018506165124333599,1.823889323948874,COMPLETE
34,34,0.9399999976158142,2023-12-14 17:16:21.829601,2023-12-14 17:20:19.881433,0 days 00:03:58.051832,4500,67,0.0019349380950122298,1.8457028863872067,COMPLETE
35,35,0.9466667175292969,2023-12-14 17:20:20.132099,2023-12-14 17:24:17.595170,0 days 00:03:57.463071,4500,67,0.0018902988062265622,1.8367941874955112,COMPLETE
36,36,0.9511110782623291,2023-12-14 17:24:17.774400,2023-12-14 17:28:15.436814,0 days 00:03:57.662414,4500,67,0.0018942238393660094,1.8419841875531051,COMPLETE
37,37,0.9511110782623291,2023-12-14 17:28:15.585350,2023-12-14 17:32:12.700030,0 days 00:03:57.114680,4500,67,0.0018872093806018844,1.8496060687711045,COMPLETE
38,38,0.9533333778381348,2023-12-14 17:32:12.872455,2023-12-14 17:36:10.389964,0 days 00:03:57.517509,4500,67,0.0019054048929235442,1.8465464603529076,COMPLETE
39,39,0.9511110782623291,2023-12-14 17:36:10.544732,2023-12-14 17:39:57.089329,0 days 00:03:46.544597,4500,64,0.0020964408091733895,1.741573964059304,COMPLETE
40,40,0.9377778172492981,2023-12-14 17:39:57.247206,2023-12-14 17:43:58.492267,0 days 00:04:01.245061,4500,68,0.0018086096815241692,1.87339128747997,COMPLETE
41,41,0.9555555582046509,2023-12-14 17:43:58.648500,2023-12-14 17:47:58.858804,0 days 00:04:00.210304,4500,68,0.001780973526834039,1.8947704270701498,COMPLETE
42,42,0.9444444179534912,2023-12-14 17:47:59.065752,2023-12-14 17:51:54.201985,0 days 00:03:55.136233,4500,66,0.0019138266858120102,1.8597766158785658,COMPLETE
43,43,0.9444444179534912,2023-12-14 17:51:54.343230,2023-12-14 17:55:52.718082,0 days 00:03:58.374852,4500,67,0.0019089464675993433,1.852355383431319,COMPLETE
44,44,0.9422222375869751,2023-12-14 17:55:52.885323,2023-12-14 17:59:51.032069,0 days 00:03:58.146746,4500,67,0.0018840371904835194,1.8546554482439388,COMPLETE
45,45,0.957777738571167,2023-12-14 17:59:51.185224,2023-12-14 18:03:47.806009,0 days 00:03:56.620785,4500,67,0.0018795718754259713,1.8542237066698748,COMPLETE
46,46,0.9511111378669739,2023-12-14 18:03:47.966466,2023-12-14 18:07:45.384320,0 days 00:03:57.417854,4500,67,0.0018927009483549698,1.8532030040822247,COMPLETE
47,47,0.9422222375869751,2023-12-14 18:07:45.533206,2023-12-14 18:11:42.341420,0 days 00:03:56.808214,4500,67,0.001892070929460558,1.8563734366263769,COMPLETE
48,48,0.9533333778381348,2023-12-14 18:11:42.522962,2023-12-14 18:15:41.136806,0 days 00:03:58.613844,4500,67,0.001876703092554011,1.8558042716957566,COMPLETE
49,49,0.944444477558136,2023-12-14 18:15:41.298915,2023-12-14 18:19:39.679306,0 days 00:03:58.380391,4500,67,0.0018921132564691757,1.855156017263372,COMPLETE
